Could not open input file: /home/admin/domains/rgb.irpsc.com/admin/artisan
Could not open input file: /home/admin/domains/rgb.irpsc.com/admin/artisan
Could not open input file: /home/admin/domains/rgb.irpsc.com/admin/artisan
Could not open input file: /home/admin/domains/rgb.irpsc.com/admin/artisan
Could not open input file: /home/admin/domains/rgb.irpsc.com/admin/artisan
Could not open input file: /home/admin/domains/rgb.irpsc.com/admin/artisan
Could not open input file: /home/admin/domains/rgb.irpsc.com/admin/artisan
Could not open input file: /home/admin/domains/rgb.irpsc.com/admin/artisan

   INFO  Processing jobs from the [default] queue.  


   INFO  Processing jobs from the [default] queue.  


   INFO  Processing jobs from the [default] queue.  


   INFO  Processing jobs from the [default] queue.  


   INFO  Processing jobs from the [default] queue.  


   INFO  Processing jobs from the [default] queue.  


   INFO  Processing jobs from the [default] queue.  


   INFO  Processing jobs from the [default] queue.  


   INFO  Processing jobs from the [default] queue.  


   INFO  Processing jobs from the [default] queue.  


   INFO  Processing jobs from the [default] queue.  


   INFO  Processing jobs from the [default] queue.  


   INFO  Processing jobs from the [default] queue.  


   INFO  Processing jobs from the [default] queue.  


   INFO  Processing jobs from the [default] queue.  


   INFO  Processing jobs from the [default] queue.  


   INFO  Processing jobs from the [default] queue.  


   INFO  Processing jobs from the [default] queue.  


   INFO  Processing jobs from the [default] queue.  


   INFO  Processing jobs from the [default] queue.  


   INFO  Processing jobs from the [default] queue.  


   INFO  Processing jobs from the [default] queue.  


   INFO  Processing jobs from the [default] queue.  


   INFO  Processing jobs from the [default] queue.  


   INFO  Processing jobs from the [default] queue.  


   INFO  Processing jobs from the [default] queue.  


   INFO  Processing jobs from the [default] queue.  


   INFO  Processing jobs from the [default] queue.  


   INFO  Processing jobs from the [default] queue.  


   INFO  Processing jobs from the [default] queue.  


   INFO  Processing jobs from the [default] queue.  


   INFO  Processing jobs from the [default] queue.  


   INFO  Processing jobs from the [default] queue.  


   INFO  Processing jobs from the [default] queue.  


   INFO  Processing jobs from the [default] queue.  


   INFO  Processing jobs from the [default] queue.  


   INFO  Processing jobs from the [default] queue.  


   INFO  Processing jobs from the [default] queue.  


   INFO  Processing jobs from the [default] queue.  


   INFO  Processing jobs from the [default] queue.  


   INFO  Processing jobs from the [default] queue.  


   INFO  Processing jobs from the [default] queue.  


   INFO  Processing jobs from the [default] queue.  


   INFO  Processing jobs from the [default] queue.  


   INFO  Processing jobs from the [default] queue.  


   INFO  Processing jobs from the [default] queue.  


   INFO  Processing jobs from the [default] queue.  


   INFO  Processing jobs from the [default] queue.  


   INFO  Processing jobs from the [default] queue.  


   INFO  Processing jobs from the [default] queue.  


   INFO  Processing jobs from the [default] queue.  


   INFO  Processing jobs from the [default] queue.  


   INFO  Processing jobs from the [default] queue.  


   INFO  Processing jobs from the [default] queue.  


   INFO  Processing jobs from the [default] queue.  


   INFO  Processing jobs from the [default] queue.  


   INFO  Processing jobs from the [default] queue.  


   INFO  Processing jobs from the [default] queue.  


   INFO  Processing jobs from the [default] queue.  


   INFO  Processing jobs from the [default] queue.  


   INFO  Processing jobs from the [default] queue.  


   INFO  Processing jobs from the [default] queue.  


   INFO  Processing jobs from the [default] queue.  


   INFO  Processing jobs from the [default] queue.  


   INFO  Processing jobs from the [default] queue.  


   INFO  Processing jobs from the [default] queue.  


   INFO  Processing jobs from the [default] queue.  


   INFO  Processing jobs from the [default] queue.  


   INFO  Processing jobs from the [default] queue.  


   INFO  Processing jobs from the [default] queue.  


   INFO  Processing jobs from the [default] queue.  


   INFO  Processing jobs from the [default] queue.  


   INFO  Processing jobs from the [default] queue.  


   INFO  Processing jobs from the [default] queue.  


   INFO  Processing jobs from the [default] queue.  


   INFO  Processing jobs from the [default] queue.  


   INFO  Processing jobs from the [default] queue.  


   INFO  Processing jobs from the [default] queue.  

  2022-11-05 07:03:30 App\Notifications\LogedInNotification ..... 39.50ms FAIL
  2022-11-05 07:03:30 App\Notifications\LogedInNotification ...... 8.19ms FAIL
  2022-11-05 07:03:30 App\Notifications\LogedInNotification ...... 6.53ms FAIL
  2022-11-05 07:03:30 App\Notifications\LogedInNotification ...... 6.66ms FAIL
  2022-11-05 07:03:30 App\Notifications\LogedInNotification ...... 5.63ms FAIL
  2022-11-05 07:03:30 App\Notifications\LogedInNotification ...... 6.00ms FAIL
  2022-11-05 07:03:30 App\Notifications\LogedInNotification ...... 6.23ms FAIL
  2022-11-05 07:03:30 App\Notifications\LogedInNotification ...... 6.35ms FAIL
  2022-11-05 07:03:30 App\Notifications\LogedInNotification ...... 7.00ms FAIL

   INFO  Processing jobs from the [default] queue.  


   INFO  Processing jobs from the [default] queue.  


   INFO  Processing jobs from the [default] queue.  


   INFO  Processing jobs from the [default] queue.  


   INFO  Processing jobs from the [default] queue.  


   INFO  Processing jobs from the [default] queue.  

  2022-11-05 09:54:10 App\Notifications\LogedInNotification ..... 44.14ms FAIL
  2022-11-05 09:54:11 App\Notifications\LogedInNotification ..... 13.71ms FAIL
  2022-11-05 09:54:11 App\Notifications\LogedInNotification ...... 8.04ms FAIL
  2022-11-05 09:54:11 App\Notifications\LogedInNotification ...... 5.72ms FAIL
  2022-11-05 09:54:11 App\Notifications\LogedInNotification ...... 6.04ms FAIL
  2022-11-05 09:54:11 App\Notifications\LogedInNotification ...... 7.23ms FAIL
  2022-11-05 10:06:14 App\Notifications\LogedInNotification ..... 11.39ms FAIL
  2022-11-05 10:06:14 App\Notifications\LogedInNotification ...... 7.13ms FAIL
  2022-11-05 10:06:14 App\Notifications\LogedInNotification ...... 7.15ms FAIL
  2022-11-05 10:06:14 App\Notifications\LogedInNotification ...... 8.21ms FAIL
  2022-11-05 10:06:14 App\Notifications\LogedInNotification ...... 7.28ms FAIL
  2022-11-05 10:06:14 App\Notifications\LogedInNotification ...... 6.38ms FAIL

   INFO  Processing jobs from the [default] queue.  


   INFO  Processing jobs from the [default] queue.  

  2022-11-05 10:33:14 App\Notifications\LogedInNotification ..... 49.16ms FAIL
  2022-11-05 10:33:14 App\Notifications\LogedInNotification ...... 7.01ms FAIL
  2022-11-05 10:33:14 App\Notifications\LogedInNotification ...... 7.37ms FAIL
  2022-11-05 10:33:14 App\Notifications\LogedInNotification ..... 10.04ms FAIL
  2022-11-05 10:33:14 App\Notifications\LogedInNotification ...... 7.54ms FAIL
  2022-11-05 10:33:14 App\Notifications\LogedInNotification ...... 6.38ms FAIL
  2022-11-05 11:01:43 App\Notifications\LogedInNotification ..... 12.13ms FAIL
  2022-11-05 11:01:43 App\Notifications\LogedInNotification ...... 6.28ms FAIL
  2022-11-05 11:01:43 App\Notifications\LogedInNotification ...... 6.30ms FAIL
  2022-11-05 11:06:32 App\Notifications\LogedInNotification ..... 52.74ms FAIL
  2022-11-05 11:06:32 App\Notifications\LogedInNotification ...... 8.85ms FAIL
  2022-11-05 11:06:32 App\Notifications\LogedInNotification ...... 6.52ms FAIL
  2022-11-05 11:06:32 App\Notifications\LogedInNotification ...... 5.63ms FAIL
  2022-11-05 11:06:32 App\Notifications\LogedInNotification ...... 7.17ms FAIL
  2022-11-05 11:06:32 App\Notifications\LogedInNotification ..... 10.73ms FAIL
  2022-11-05 11:07:26 App\Notifications\LogedInNotification ...... 6.60ms FAIL
  2022-11-05 11:07:26 App\Notifications\LogedInNotification ...... 7.65ms FAIL
  2022-11-05 11:07:26 App\Notifications\LogedInNotification ...... 9.09ms FAIL
  2022-11-05 11:07:26 App\Notifications\LogedInNotification ...... 6.59ms FAIL
  2022-11-05 11:07:26 App\Notifications\LogedInNotification ...... 7.56ms FAIL
  2022-11-05 11:07:26 App\Notifications\LogedInNotification ...... 9.80ms FAIL

   INFO  Processing jobs from the [default] queue.  


   INFO  Processing jobs from the [default] queue.  


   INFO  Processing jobs from the [default] queue.  


   INFO  Processing jobs from the [default] queue.  

  2022-11-05 12:51:42 App\Notifications\LogedInNotification ..... 60.51ms FAIL
  2022-11-05 12:51:42 App\Notifications\LogedInNotification ..... 10.02ms FAIL
  2022-11-05 12:51:42 App\Notifications\LogedInNotification ...... 8.45ms FAIL
  2022-11-05 12:51:42 App\Notifications\LogedInNotification ...... 6.77ms FAIL
  2022-11-05 12:51:42 App\Notifications\LogedInNotification ...... 9.70ms FAIL
  2022-11-05 12:51:42 App\Notifications\LogedInNotification ...... 7.15ms FAIL

   INFO  Processing jobs from the [default] queue.  


   INFO  Processing jobs from the [default] queue.  


   INFO  Processing jobs from the [default] queue.  


   INFO  Processing jobs from the [default] queue.  

  2022-11-05 14:35:06 App\Notifications\LogedInNotification ..... 51.49ms FAIL
  2022-11-05 14:35:06 App\Notifications\LogedInNotification ...... 8.36ms FAIL
  2022-11-05 14:35:06 App\Notifications\LogedInNotification ...... 6.84ms FAIL
  2022-11-05 15:30:51 App\Notifications\LogedInNotification ..... 58.36ms FAIL
  2022-11-05 15:30:51 App\Notifications\LogedInNotification ...... 6.67ms FAIL
  2022-11-05 15:30:51 App\Notifications\LogedInNotification ...... 8.31ms FAIL

   INFO  Processing jobs from the [default] queue.  


   INFO  Processing jobs from the [default] queue.  


   INFO  Processing jobs from the [default] queue.  


   INFO  Processing jobs from the [default] queue.  

  2022-11-05 16:36:52 App\Notifications\LogedInNotification ..... 43.58ms FAIL
  2022-11-05 16:36:52 App\Notifications\LogedInNotification ...... 9.10ms FAIL
  2022-11-05 16:36:52 App\Notifications\LogedInNotification ...... 6.17ms FAIL
  2022-11-05 16:36:52 App\Notifications\LogedInNotification ...... 6.74ms FAIL
  2022-11-05 16:36:52 App\Notifications\LogedInNotification ...... 8.09ms FAIL
  2022-11-05 16:36:52 App\Notifications\LogedInNotification ...... 8.14ms FAIL
  2022-11-05 16:56:47 App\Notifications\LogedInNotification ..... 14.37ms FAIL
  2022-11-05 16:56:47 App\Notifications\LogedInNotification ...... 7.58ms FAIL
  2022-11-05 16:56:47 App\Notifications\LogedInNotification ...... 5.40ms FAIL
  2022-11-05 16:56:47 App\Notifications\LogedInNotification ...... 6.78ms FAIL
  2022-11-05 16:56:47 App\Notifications\LogedInNotification ...... 6.52ms FAIL
  2022-11-05 16:56:47 App\Notifications\LogedInNotification ...... 7.40ms FAIL

   INFO  Processing jobs from the [default] queue.  


   INFO  Processing jobs from the [default] queue.  


   INFO  Processing jobs from the [default] queue.  


   INFO  Processing jobs from the [default] queue.  


   INFO  Processing jobs from the [default] queue.  


   INFO  Processing jobs from the [default] queue.  

  2022-11-05 19:44:26 App\Notifications\LogedInNotification ..... 47.64ms FAIL
  2022-11-05 19:44:26 App\Notifications\LogedInNotification ...... 5.53ms FAIL
  2022-11-05 19:44:26 App\Notifications\LogedInNotification ...... 5.95ms FAIL
  2022-11-05 19:44:26 App\Notifications\LogedInNotification ...... 9.38ms FAIL
  2022-11-05 19:44:26 App\Notifications\LogedInNotification ...... 6.82ms FAIL
  2022-11-05 19:44:26 App\Notifications\LogedInNotification ...... 7.16ms FAIL

   INFO  Processing jobs from the [default] queue.  


   INFO  Processing jobs from the [default] queue.  

  2022-11-05 20:33:28 App\Notifications\LogedInNotification ..... 33.79ms FAIL
  2022-11-05 20:33:28 App\Notifications\LogedInNotification ...... 6.87ms FAIL
  2022-11-05 20:33:28 App\Notifications\LogedInNotification ...... 6.74ms FAIL
  2022-11-05 20:33:28 App\Notifications\LogedInNotification ...... 7.81ms FAIL
  2022-11-05 20:33:28 App\Notifications\LogedInNotification ...... 7.00ms FAIL
  2022-11-05 20:33:28 App\Notifications\LogedInNotification ...... 8.28ms FAIL
  2022-11-05 21:11:06 App\Notifications\LogedInNotification ..... 52.18ms FAIL
  2022-11-05 21:11:06 App\Notifications\LogedInNotification ...... 6.81ms FAIL
  2022-11-05 21:11:06 App\Notifications\LogedInNotification ...... 8.81ms FAIL
  2022-11-05 21:11:06 App\Notifications\LogedInNotification ...... 8.67ms FAIL
  2022-11-05 21:11:06 App\Notifications\LogedInNotification ...... 9.60ms FAIL
  2022-11-05 21:11:06 App\Notifications\LogedInNotification ...... 8.09ms FAIL
  2022-11-05 21:13:36 App\Notifications\LogedInNotification ..... 14.07ms FAIL
  2022-11-05 21:13:37 App\Notifications\LogedInNotification ...... 7.79ms FAIL
  2022-11-05 21:13:37 App\Notifications\LogedInNotification ...... 6.33ms FAIL
  2022-11-05 21:13:37 App\Notifications\LogedInNotification ...... 7.52ms FAIL
  2022-11-05 21:13:37 App\Notifications\LogedInNotification ...... 6.48ms FAIL
  2022-11-05 21:13:37 App\Notifications\LogedInNotification ...... 7.10ms FAIL
  2022-11-05 21:31:37 App\Notifications\LogedInNotification ..... 14.01ms FAIL
  2022-11-05 21:31:37 App\Notifications\LogedInNotification ..... 10.09ms FAIL
  2022-11-05 21:31:37 App\Notifications\LogedInNotification ..... 13.82ms FAIL
  2022-11-05 21:31:37 App\Notifications\LogedInNotification ..... 10.35ms FAIL
  2022-11-05 21:31:37 App\Notifications\LogedInNotification ..... 10.92ms FAIL
  2022-11-05 21:31:37 App\Notifications\LogedInNotification ...... 8.37ms FAIL

   INFO  Processing jobs from the [default] queue.  


   INFO  Processing jobs from the [default] queue.  


   INFO  Processing jobs from the [default] queue.  


   INFO  Processing jobs from the [default] queue.  


   INFO  Processing jobs from the [default] queue.  


   INFO  Processing jobs from the [default] queue.  


   INFO  Processing jobs from the [default] queue.  


   INFO  Processing jobs from the [default] queue.  


   INFO  Processing jobs from the [default] queue.  


   INFO  Processing jobs from the [default] queue.  


   INFO  Processing jobs from the [default] queue.  


   INFO  Processing jobs from the [default] queue.  


   INFO  Processing jobs from the [default] queue.  


   INFO  Processing jobs from the [default] queue.  


   INFO  Processing jobs from the [default] queue.  


   INFO  Processing jobs from the [default] queue.  


   INFO  Processing jobs from the [default] queue.  


   INFO  Processing jobs from the [default] queue.  


   INFO  Processing jobs from the [default] queue.  


   INFO  Processing jobs from the [default] queue.  


   INFO  Processing jobs from the [default] queue.  


   INFO  Processing jobs from the [default] queue.  

  2022-11-06 08:27:26 App\Notifications\LogedInNotification ..... 50.13ms FAIL
  2022-11-06 08:27:26 App\Notifications\LogedInNotification ...... 7.65ms FAIL
  2022-11-06 08:27:26 App\Notifications\LogedInNotification ...... 6.21ms FAIL
  2022-11-06 08:27:29 App\Notifications\LogedInNotification ..... 21.61ms FAIL
  2022-11-06 08:27:29 App\Notifications\LogedInNotification ...... 9.26ms FAIL
  2022-11-06 08:27:29 App\Notifications\LogedInNotification ..... 11.82ms FAIL
  2022-11-06 08:27:47 App\Notifications\LogedInNotification ..... 15.70ms FAIL
  2022-11-06 08:27:47 App\Notifications\LogedInNotification ...... 6.25ms FAIL
  2022-11-06 08:27:47 App\Notifications\LogedInNotification ...... 6.12ms FAIL
  2022-11-06 08:27:47 App\Notifications\LogedInNotification ...... 6.06ms FAIL
  2022-11-06 08:27:47 App\Notifications\LogedInNotification ...... 5.92ms FAIL
  2022-11-06 08:27:47 App\Notifications\LogedInNotification ...... 6.30ms FAIL
  2022-11-06 08:28:33 App\Notifications\LogedInNotification ...... 9.45ms FAIL
  2022-11-06 08:28:33 App\Notifications\LogedInNotification ...... 6.09ms FAIL
  2022-11-06 08:28:33 App\Notifications\LogedInNotification ...... 6.77ms FAIL
  2022-11-06 08:28:33 App\Notifications\LogedInNotification ...... 6.12ms FAIL
  2022-11-06 08:28:33 App\Notifications\LogedInNotification ...... 7.71ms FAIL
  2022-11-06 08:28:33 App\Notifications\LogedInNotification ...... 6.25ms FAIL

   INFO  Processing jobs from the [default] queue.  


   INFO  Processing jobs from the [default] queue.  


   INFO  Processing jobs from the [default] queue.  


   INFO  Processing jobs from the [default] queue.  

  2022-11-06 09:52:04 App\Notifications\LogedInNotification ..... 51.16ms FAIL
  2022-11-06 09:52:04 App\Notifications\LogedInNotification ...... 8.66ms FAIL
  2022-11-06 09:52:04 App\Notifications\LogedInNotification ...... 5.40ms FAIL
  2022-11-06 09:52:04 App\Notifications\LogedInNotification ...... 5.57ms FAIL
  2022-11-06 09:52:04 App\Notifications\LogedInNotification ..... 12.75ms FAIL
  2022-11-06 09:52:04 App\Notifications\LogedInNotification ...... 6.39ms FAIL
  2022-11-06 09:52:19 App\Notifications\LogedInNotification ..... 38.97ms FAIL
  2022-11-06 09:52:19 App\Notifications\LogedInNotification ...... 6.78ms FAIL
  2022-11-06 09:52:19 App\Notifications\LogedInNotification ...... 6.94ms FAIL
  2022-11-06 09:52:22 App\Notifications\LogedInNotification ...... 6.91ms FAIL
  2022-11-06 09:52:22 App\Notifications\LogedInNotification ...... 6.27ms FAIL
  2022-11-06 09:52:22 App\Notifications\LogedInNotification ...... 6.70ms FAIL
  2022-11-06 09:52:22 App\Notifications\LogedInNotification ...... 6.11ms FAIL
  2022-11-06 09:52:22 App\Notifications\LogedInNotification ...... 6.61ms FAIL
  2022-11-06 09:52:22 App\Notifications\LogedInNotification ...... 8.85ms FAIL
  2022-11-06 09:53:43 App\Notifications\LogedInNotification ..... 12.70ms FAIL
  2022-11-06 09:53:43 App\Notifications\LogedInNotification ...... 6.28ms FAIL
  2022-11-06 09:53:43 App\Notifications\LogedInNotification ...... 5.31ms FAIL
  2022-11-06 09:53:43 App\Notifications\LogedInNotification ...... 7.23ms FAIL
  2022-11-06 09:53:43 App\Notifications\LogedInNotification ...... 5.62ms FAIL
  2022-11-06 09:53:43 App\Notifications\LogedInNotification ...... 9.60ms FAIL
  2022-11-06 09:54:01 App\Notifications\LogedInNotification ...... 7.86ms FAIL
  2022-11-06 09:54:01 App\Notifications\LogedInNotification ...... 7.06ms FAIL
  2022-11-06 09:54:01 App\Notifications\LogedInNotification ...... 9.23ms FAIL
  2022-11-06 09:54:01 App\Notifications\LogedInNotification ...... 9.32ms FAIL
  2022-11-06 09:54:01 App\Notifications\LogedInNotification ...... 8.42ms FAIL
  2022-11-06 09:54:01 App\Notifications\LogedInNotification ..... 14.55ms FAIL
  2022-11-06 09:54:37 App\Notifications\LogedInNotification ...... 7.42ms FAIL
  2022-11-06 09:54:37 App\Notifications\LogedInNotification ...... 8.12ms FAIL
  2022-11-06 09:54:37 App\Notifications\LogedInNotification ...... 8.51ms FAIL
  2022-11-06 09:54:37 App\Notifications\LogedInNotification ..... 10.99ms FAIL
  2022-11-06 09:54:37 App\Notifications\LogedInNotification ...... 7.14ms FAIL
  2022-11-06 09:54:37 App\Notifications\LogedInNotification ...... 6.74ms FAIL
  2022-11-06 09:55:01 App\Notifications\LogedInNotification ...... 9.33ms FAIL
  2022-11-06 09:55:01 App\Notifications\LogedInNotification ...... 7.84ms FAIL
  2022-11-06 09:55:01 App\Notifications\LogedInNotification ...... 6.87ms FAIL
  2022-11-06 09:55:01 App\Notifications\LogedInNotification ...... 8.40ms FAIL
  2022-11-06 09:55:58 App\Notifications\LogedInNotification ..... 10.09ms FAIL
  2022-11-06 09:55:58 App\Notifications\LogedInNotification ...... 6.30ms FAIL
  2022-11-06 09:55:59 App\Notifications\LogedInNotification ...... 7.59ms FAIL
  2022-11-06 10:08:08 App\Notifications\LogedInNotification ..... 16.72ms FAIL
  2022-11-06 10:08:08 App\Notifications\LogedInNotification ...... 8.19ms FAIL
  2022-11-06 10:08:08 App\Notifications\LogedInNotification ...... 6.40ms FAIL
  2022-11-06 10:08:08 App\Notifications\LogedInNotification ...... 9.20ms FAIL
  2022-11-06 10:08:08 App\Notifications\LogedInNotification ..... 15.74ms FAIL
  2022-11-06 10:09:42 App\Notifications\LogedInNotification ...... 8.37ms FAIL
  2022-11-06 10:09:42 App\Notifications\LogedInNotification ...... 6.26ms FAIL
  2022-11-06 10:09:42 App\Notifications\LogedInNotification ...... 8.09ms FAIL
  2022-11-06 10:09:42 App\Notifications\LogedInNotification ...... 6.07ms FAIL
  2022-11-06 10:09:42 App\Notifications\LogedInNotification ...... 6.93ms FAIL
  2022-11-06 10:09:42 App\Notifications\LogedInNotification ...... 8.30ms FAIL
  2022-11-06 10:11:18 App\Notifications\LogedInNotification ...... 8.27ms FAIL
  2022-11-06 10:11:18 App\Notifications\LogedInNotification ...... 6.06ms FAIL
  2022-11-06 10:11:18 App\Notifications\LogedInNotification ...... 6.41ms FAIL
  2022-11-06 10:11:18 App\Notifications\LogedInNotification ...... 6.16ms FAIL
  2022-11-06 10:11:18 App\Notifications\LogedInNotification ...... 8.28ms FAIL
  2022-11-06 10:11:18 App\Notifications\LogedInNotification ...... 7.91ms FAIL

   INFO  Processing jobs from the [default] queue.  


   INFO  Processing jobs from the [default] queue.  

  2022-11-06 10:40:54 App\Notifications\LogedInNotification ..... 36.68ms FAIL
  2022-11-06 10:40:54 App\Notifications\LogedInNotification ..... 20.12ms FAIL
  2022-11-06 10:40:54 App\Notifications\LogedInNotification ...... 5.94ms FAIL
  2022-11-06 10:40:54 App\Notifications\LogedInNotification ...... 7.50ms FAIL
  2022-11-06 10:40:54 App\Notifications\LogedInNotification ...... 6.77ms FAIL
  2022-11-06 10:40:54 App\Notifications\LogedInNotification ...... 7.35ms FAIL
  2022-11-06 10:42:36 App\Events\FeatureTraded .................. 17.55ms FAIL
  2022-11-06 10:42:37 App\Events\FeatureTraded ................... 6.01ms FAIL
  2022-11-06 10:42:37 App\Events\FeatureTraded ................... 6.27ms FAIL
  2022-11-06 10:48:55 App\Notifications\SellRequestNotification . 15.26ms FAIL
  2022-11-06 10:48:55 App\Notifications\SellRequestNotification .. 6.40ms FAIL
  2022-11-06 10:48:55 App\Notifications\SellRequestNotification . 10.44ms FAIL
  2022-11-06 10:48:55 App\Events\FeaturePriced ................... 9.13ms FAIL
  2022-11-06 10:48:55 App\Events\FeaturePriced ................... 5.06ms FAIL
  2022-11-06 11:00:02 App\Notifications\LogedInNotification ..... 10.78ms FAIL
  2022-11-06 11:00:02 App\Notifications\LogedInNotification ...... 6.04ms FAIL
  2022-11-06 11:00:02 App\Notifications\LogedInNotification ...... 7.07ms FAIL
  2022-11-06 11:03:35 App\Notifications\LogedInNotification ..... 11.20ms FAIL
  2022-11-06 11:03:35 App\Notifications\LogedInNotification ...... 9.56ms FAIL
  2022-11-06 11:03:35 App\Notifications\LogedInNotification ...... 8.19ms FAIL
  2022-11-06 11:03:35 App\Notifications\LogedInNotification ...... 6.71ms FAIL
  2022-11-06 11:03:35 App\Notifications\LogedInNotification ...... 7.82ms FAIL
  2022-11-06 11:03:35 App\Notifications\LogedInNotification ...... 6.25ms FAIL
  2022-11-06 11:20:54 App\Notifications\LogedInNotification ..... 11.51ms FAIL
  2022-11-06 11:20:54 App\Notifications\LogedInNotification ...... 6.43ms FAIL
  2022-11-06 11:20:54 App\Notifications\LogedInNotification ...... 7.77ms FAIL
  2022-11-06 11:20:54 App\Notifications\LogedInNotification  2022-11-06 11:20:54 App\Notifications\LogedInNotification ..... 36.19ms FAIL
 ..... 57.51ms FAIL
  2022-11-06 11:20:55 App\Notifications\LogedInNotification ...... 9.73ms FAIL

   INFO  Processing jobs from the [default] queue.  


   INFO  Processing jobs from the [default] queue.  

  2022-11-06 11:38:03 App\Notifications\LogedInNotification ..... 38.01ms FAIL
  2022-11-06 11:38:03 App\Notifications\LogedInNotification ..... 10.43ms FAIL
  2022-11-06 11:38:03 App\Notifications\LogedInNotification ...... 8.43ms FAIL
  2022-11-06 11:52:07 App\Notifications\LogedInNotification ..... 40.35ms FAIL
  2022-11-06 11:52:07 App\Notifications\LogedInNotification ...... 7.33ms FAIL
  2022-11-06 11:52:07 App\Notifications\LogedInNotification ...... 8.96ms FAIL
  2022-11-06 12:01:41 App\Notifications\LogedInNotification  2022-11-06 12:01:41 App\Notifications\LogedInNotification ..... 11.12ms FAIL
 ..... 10.38ms FAIL
  2022-11-06 12:01:41 App\Notifications\LogedInNotification  2022-11-06 12:01:41 App\Notifications\LogedInNotification ...... 5.82ms FAIL
 ...... 6.29ms FAIL
  2022-11-06 12:01:41 App\Notifications\LogedInNotification  2022-11-06 12:01:41 App\Notifications\LogedInNotification ...... 5.47ms FAIL
 ...... 5.92ms FAIL
  2022-11-06 12:10:42 App\Notifications\LogedInNotification  2022-11-06 12:10:42 App\Notifications\LogedInNotification ..... 11.94ms FAIL
 ..... 12.55ms FAIL
  2022-11-06 12:10:42 App\Notifications\LogedInNotification  2022-11-06 12:10:42 App\Notifications\LogedInNotification ...... 8.06ms FAIL
 ..... 12.04ms FAIL
  2022-11-06 12:10:42 App\Notifications\LogedInNotification  2022-11-06 12:10:42 App\Notifications\LogedInNotification ..... 13.98ms FAIL
 ...... 9.30ms FAIL

   INFO  Processing jobs from the [default] queue.  


   INFO  Processing jobs from the [default] queue.  

  2022-11-06 12:37:53 App\Notifications\LogedInNotification ..... 42.35ms FAIL
  2022-11-06 12:37:53 App\Notifications\LogedInNotification ...... 7.77ms FAIL
  2022-11-06 12:37:53 App\Notifications\LogedInNotification ...... 6.44ms FAIL
  2022-11-06 12:37:53 App\Notifications\LogedInNotification ...... 5.79ms FAIL
  2022-11-06 12:37:53 App\Notifications\LogedInNotification ..... 13.04ms FAIL
  2022-11-06 12:37:53 App\Notifications\LogedInNotification ..... 10.44ms FAIL
  2022-11-06 12:43:27 App\Notifications\LogedInNotification ..... 40.16ms FAIL
  2022-11-06 12:43:27 App\Notifications\LogedInNotification ...... 6.52ms FAIL
  2022-11-06 12:43:27 App\Notifications\LogedInNotification ...... 6.58ms FAIL
  2022-11-06 12:43:27 App\Notifications\LogedInNotification ...... 5.85ms FAIL
  2022-11-06 12:43:27 App\Notifications\LogedInNotification ...... 7.74ms FAIL
  2022-11-06 12:43:27 App\Notifications\LogedInNotification ...... 6.46ms FAIL

   INFO  Processing jobs from the [default] queue.  


   INFO  Processing jobs from the [default] queue.  

  2022-11-06 13:35:40 App\Notifications\LogedInNotification ..... 37.54ms FAIL
  2022-11-06 13:35:41 App\Notifications\LogedInNotification ...... 9.61ms FAIL
  2022-11-06 13:35:41 App\Notifications\LogedInNotification ...... 6.43ms FAIL
  2022-11-06 13:35:41 App\Notifications\LogedInNotification ...... 7.62ms FAIL
  2022-11-06 13:35:41 App\Notifications\LogedInNotification ..... 18.29ms FAIL
  2022-11-06 13:35:41 App\Notifications\LogedInNotification ..... 11.00ms FAIL
  2022-11-06 13:36:29 App\Notifications\LogedInNotification ...... 7.89ms FAIL
  2022-11-06 13:36:29 App\Notifications\LogedInNotification ...... 5.13ms FAIL
  2022-11-06 13:36:29 App\Notifications\LogedInNotification ...... 6.72ms FAIL
  2022-11-06 13:36:29 App\Notifications\LogedInNotification ...... 7.49ms FAIL
  2022-11-06 13:36:29 App\Notifications\LogedInNotification ...... 6.84ms FAIL
  2022-11-06 13:36:29 App\Notifications\LogedInNotification ..... 10.25ms FAIL
